[
    {
        "metric_clean->corrupt": 0.06808268229166667,
        "metric_corrupt->clean": 0.6505859375,
        "loss_clean->corrupt": 0.4688313802083333,
        "loss_corrupt->clean": 0.8556966145833333,
        "epoch": 0
    },
    {
        "metric_clean->corrupt": 0.013988240559895834,
        "metric_corrupt->clean": 0.597265625,
        "loss_clean->corrupt": 0.4022298177083333,
        "loss_corrupt->clean": 0.8006510416666667,
        "epoch": 1
    },
    {
        "metric_clean->corrupt": 0.03155466715494792,
        "metric_corrupt->clean": 0.701171875,
        "loss_clean->corrupt": 0.37841796875,
        "loss_corrupt->clean": 0.77578125,
        "epoch": 2
    },
    {
        "metric_clean->corrupt": 0.044818115234375,
        "metric_corrupt->clean": 0.6106770833333334,
        "loss_clean->corrupt": 0.357763671875,
        "loss_corrupt->clean": 0.7590494791666667,
        "epoch": 3
    },
    {
        "metric_clean->corrupt": 0.033109792073567706,
        "metric_corrupt->clean": 0.6462239583333333,
        "loss_clean->corrupt": 0.34793294270833336,
        "loss_corrupt->clean": 0.7547200520833334,
        "epoch": 4
    },
    {
        "metric_clean->corrupt": 0.032292683919270836,
        "metric_corrupt->clean": 0.6595377604166667,
        "loss_clean->corrupt": 0.35548502604166665,
        "loss_corrupt->clean": 0.7397786458333333,
        "epoch": 5
    },
    {
        "metric_clean->corrupt": 0.017055193583170574,
        "metric_corrupt->clean": 0.6048828125,
        "loss_clean->corrupt": 0.34296875,
        "loss_corrupt->clean": 0.7415364583333334,
        "epoch": 6
    },
    {
        "metric_clean->corrupt": 0.028124491373697918,
        "metric_corrupt->clean": 0.66640625,
        "loss_clean->corrupt": 0.33370768229166664,
        "loss_corrupt->clean": 0.7251627604166667,
        "epoch": 7
    },
    {
        "metric_clean->corrupt": 0.03834177652994792,
        "metric_corrupt->clean": 0.6345703125,
        "loss_clean->corrupt": 0.3277669270833333,
        "loss_corrupt->clean": 0.73544921875,
        "epoch": 8
    },
    {
        "metric_clean->corrupt": 0.028216044108072918,
        "metric_corrupt->clean": 0.6400065104166667,
        "loss_clean->corrupt": 0.3213704427083333,
        "loss_corrupt->clean": 0.7272135416666666,
        "epoch": 9
    }
]