[
    {
        "metric_clean->corrupt": 0.8857421875,
        "metric_corrupt->clean": 0.07180582682291667,
        "loss_clean->corrupt": 1.68984375,
        "loss_corrupt->clean": 1.4592447916666667,
        "epoch": 0
    },
    {
        "metric_clean->corrupt": 0.6846354166666667,
        "metric_corrupt->clean": 0.3546549479166667,
        "loss_clean->corrupt": 1.2671549479166666,
        "loss_corrupt->clean": 1.0393229166666667,
        "epoch": 1
    },
    {
        "metric_clean->corrupt": 0.24541015625,
        "metric_corrupt->clean": 0.56953125,
        "loss_clean->corrupt": 0.7616536458333333,
        "loss_corrupt->clean": 0.9529296875,
        "epoch": 2
    },
    {
        "metric_clean->corrupt": 0.075592041015625,
        "metric_corrupt->clean": 0.5702473958333333,
        "loss_clean->corrupt": 0.6253255208333334,
        "loss_corrupt->clean": 0.84716796875,
        "epoch": 3
    },
    {
        "metric_clean->corrupt": 0.06356404622395834,
        "metric_corrupt->clean": 0.5157877604166666,
        "loss_clean->corrupt": 0.5735026041666667,
        "loss_corrupt->clean": 0.8256184895833333,
        "epoch": 4
    },
    {
        "metric_clean->corrupt": 0.07165730794270833,
        "metric_corrupt->clean": 0.5004231770833333,
        "loss_clean->corrupt": 0.5472330729166667,
        "loss_corrupt->clean": 0.8074869791666667,
        "epoch": 5
    },
    {
        "metric_clean->corrupt": 0.06670125325520833,
        "metric_corrupt->clean": 0.5615234375,
        "loss_clean->corrupt": 0.524951171875,
        "loss_corrupt->clean": 0.77431640625,
        "epoch": 6
    },
    {
        "metric_clean->corrupt": 0.054656982421875,
        "metric_corrupt->clean": 0.6161458333333333,
        "loss_clean->corrupt": 0.5064127604166667,
        "loss_corrupt->clean": 0.7606770833333333,
        "epoch": 7
    },
    {
        "metric_clean->corrupt": 0.049658203125,
        "metric_corrupt->clean": 0.6221354166666667,
        "loss_clean->corrupt": 0.4917805989583333,
        "loss_corrupt->clean": 0.7486653645833333,
        "epoch": 8
    },
    {
        "metric_clean->corrupt": 0.0511077880859375,
        "metric_corrupt->clean": 0.6052408854166667,
        "loss_clean->corrupt": 0.478955078125,
        "loss_corrupt->clean": 0.7363932291666667,
        "epoch": 9
    }
]