[
    {
        "metric_clean->corrupt": 0.655791015625,
        "metric_corrupt->clean": 0.6462890625,
        "loss_clean->corrupt": 1.27537109375,
        "loss_corrupt->clean": 0.155323486328125,
        "epoch": 0
    },
    {
        "metric_clean->corrupt": 0.3153466796875,
        "metric_corrupt->clean": 0.72140625,
        "loss_clean->corrupt": 0.445947265625,
        "loss_corrupt->clean": 0.11445068359375,
        "epoch": 1
    },
    {
        "metric_clean->corrupt": 0.2530224609375,
        "metric_corrupt->clean": 0.73,
        "loss_clean->corrupt": 0.300537109375,
        "loss_corrupt->clean": 0.112320556640625,
        "epoch": 2
    },
    {
        "metric_clean->corrupt": 0.2026708984375,
        "metric_corrupt->clean": 0.74052734375,
        "loss_clean->corrupt": 0.2307666015625,
        "loss_corrupt->clean": 0.107578125,
        "epoch": 3
    },
    {
        "metric_clean->corrupt": 0.22078125,
        "metric_corrupt->clean": 0.75115234375,
        "loss_clean->corrupt": 0.192796630859375,
        "loss_corrupt->clean": 0.10319091796875,
        "epoch": 4
    },
    {
        "metric_clean->corrupt": 0.21388671875,
        "metric_corrupt->clean": 0.75505859375,
        "loss_clean->corrupt": 0.191968994140625,
        "loss_corrupt->clean": 0.100301513671875,
        "epoch": 5
    },
    {
        "metric_clean->corrupt": 0.199658203125,
        "metric_corrupt->clean": 0.75150390625,
        "loss_clean->corrupt": 0.1880645751953125,
        "loss_corrupt->clean": 0.10224365234375,
        "epoch": 6
    },
    {
        "metric_clean->corrupt": 0.149609375,
        "metric_corrupt->clean": 0.75568359375,
        "loss_clean->corrupt": 0.15688873291015626,
        "loss_corrupt->clean": 0.1014306640625,
        "epoch": 7
    },
    {
        "metric_clean->corrupt": 0.1603271484375,
        "metric_corrupt->clean": 0.7603125,
        "loss_clean->corrupt": 0.135755615234375,
        "loss_corrupt->clean": 0.099920654296875,
        "epoch": 8
    },
    {
        "metric_clean->corrupt": 0.1752294921875,
        "metric_corrupt->clean": 0.7618359375,
        "loss_clean->corrupt": 0.1178460693359375,
        "loss_corrupt->clean": 0.099188232421875,
        "epoch": 9
    }
]