[
    {
        "metric_clean->corrupt": 0.8947916666666667,
        "metric_corrupt->clean": 0.05224609375,
        "loss_clean->corrupt": 1.6885416666666666,
        "loss_corrupt->clean": 1.5015625,
        "epoch": 0
    },
    {
        "metric_clean->corrupt": 0.8760416666666667,
        "metric_corrupt->clean": 0.1580078125,
        "loss_clean->corrupt": 1.6109375,
        "loss_corrupt->clean": 1.2760416666666667,
        "epoch": 1
    },
    {
        "metric_clean->corrupt": 0.4959635416666667,
        "metric_corrupt->clean": 0.47291666666666665,
        "loss_clean->corrupt": 1.034375,
        "loss_corrupt->clean": 0.9640625,
        "epoch": 2
    },
    {
        "metric_clean->corrupt": 0.19713541666666667,
        "metric_corrupt->clean": 0.61484375,
        "loss_clean->corrupt": 0.7221354166666667,
        "loss_corrupt->clean": 0.8723958333333334,
        "epoch": 3
    },
    {
        "metric_clean->corrupt": 0.16705729166666666,
        "metric_corrupt->clean": 0.51171875,
        "loss_clean->corrupt": 0.6325520833333333,
        "loss_corrupt->clean": 0.8481770833333333,
        "epoch": 4
    },
    {
        "metric_clean->corrupt": 0.13603515625,
        "metric_corrupt->clean": 0.48802083333333335,
        "loss_clean->corrupt": 0.5783854166666667,
        "loss_corrupt->clean": 0.8276041666666667,
        "epoch": 5
    },
    {
        "metric_clean->corrupt": 0.08134765625,
        "metric_corrupt->clean": 0.5572916666666666,
        "loss_clean->corrupt": 0.535546875,
        "loss_corrupt->clean": 0.78125,
        "epoch": 6
    },
    {
        "metric_clean->corrupt": 0.05555013020833333,
        "metric_corrupt->clean": 0.6057291666666667,
        "loss_clean->corrupt": 0.5104166666666666,
        "loss_corrupt->clean": 0.7765625,
        "epoch": 7
    },
    {
        "metric_clean->corrupt": 0.04767252604166667,
        "metric_corrupt->clean": 0.5942708333333333,
        "loss_clean->corrupt": 0.490625,
        "loss_corrupt->clean": 0.7572916666666667,
        "epoch": 8
    },
    {
        "metric_clean->corrupt": 0.049235026041666664,
        "metric_corrupt->clean": 0.5700520833333333,
        "loss_clean->corrupt": 0.4720052083333333,
        "loss_corrupt->clean": 0.7502604166666667,
        "epoch": 9
    }
]