[
    {
        "metric_clean->corrupt": 0.06783854166666667,
        "metric_corrupt->clean": 0.559375,
        "loss_clean->corrupt": 0.46783854166666666,
        "loss_corrupt->clean": 0.8466145833333333,
        "epoch": 0
    },
    {
        "metric_clean->corrupt": 0.0361328125,
        "metric_corrupt->clean": 0.5755208333333334,
        "loss_clean->corrupt": 0.41627604166666665,
        "loss_corrupt->clean": 0.8,
        "epoch": 1
    },
    {
        "metric_clean->corrupt": 0.08474934895833333,
        "metric_corrupt->clean": 0.5606770833333333,
        "loss_clean->corrupt": 0.40859375,
        "loss_corrupt->clean": 0.8091145833333333,
        "epoch": 2
    },
    {
        "metric_clean->corrupt": 0.04951171875,
        "metric_corrupt->clean": 0.6263020833333334,
        "loss_clean->corrupt": 0.3958333333333333,
        "loss_corrupt->clean": 0.7838541666666666,
        "epoch": 3
    },
    {
        "metric_clean->corrupt": 0.03631184895833333,
        "metric_corrupt->clean": 0.60625,
        "loss_clean->corrupt": 0.37421875,
        "loss_corrupt->clean": 0.7421875,
        "epoch": 4
    },
    {
        "metric_clean->corrupt": 0.07267252604166667,
        "metric_corrupt->clean": 0.5598958333333334,
        "loss_clean->corrupt": 0.373828125,
        "loss_corrupt->clean": 0.7966145833333333,
        "epoch": 5
    },
    {
        "metric_clean->corrupt": 0.03875325520833333,
        "metric_corrupt->clean": 0.6471354166666666,
        "loss_clean->corrupt": 0.35,
        "loss_corrupt->clean": 0.7625,
        "epoch": 6
    },
    {
        "metric_clean->corrupt": 0.054248046875,
        "metric_corrupt->clean": 0.5770833333333333,
        "loss_clean->corrupt": 0.3553385416666667,
        "loss_corrupt->clean": 0.75703125,
        "epoch": 7
    },
    {
        "metric_clean->corrupt": 0.03986002604166667,
        "metric_corrupt->clean": 0.6109375,
        "loss_clean->corrupt": 0.332421875,
        "loss_corrupt->clean": 0.7734375,
        "epoch": 8
    },
    {
        "metric_clean->corrupt": 0.035782877604166666,
        "metric_corrupt->clean": 0.6380208333333334,
        "loss_clean->corrupt": 0.3274739583333333,
        "loss_corrupt->clean": 0.7455729166666667,
        "epoch": 9
    },
    {
        "metric_clean->corrupt": 0.05115559895833333,
        "metric_corrupt->clean": 0.5645833333333333,
        "loss_clean->corrupt": 0.3221354166666667,
        "loss_corrupt->clean": 0.7565104166666666,
        "epoch": 10
    },
    {
        "metric_clean->corrupt": 0.03213704427083333,
        "metric_corrupt->clean": 0.6192708333333333,
        "loss_clean->corrupt": 0.31171875,
        "loss_corrupt->clean": 0.7416666666666667,
        "epoch": 11
    },
    {
        "metric_clean->corrupt": 0.057666015625,
        "metric_corrupt->clean": 0.6091145833333333,
        "loss_clean->corrupt": 0.3190104166666667,
        "loss_corrupt->clean": 0.7622395833333333,
        "epoch": 12
    },
    {
        "metric_clean->corrupt": 0.03487955729166667,
        "metric_corrupt->clean": 0.6057291666666667,
        "loss_clean->corrupt": 0.3131510416666667,
        "loss_corrupt->clean": 0.73359375,
        "epoch": 13
    },
    {
        "metric_clean->corrupt": 0.04742838541666667,
        "metric_corrupt->clean": 0.6346354166666667,
        "loss_clean->corrupt": 0.29973958333333334,
        "loss_corrupt->clean": 0.7471354166666667,
        "epoch": 14
    },
    {
        "metric_clean->corrupt": 0.047607421875,
        "metric_corrupt->clean": 0.6216145833333333,
        "loss_clean->corrupt": 0.29583333333333334,
        "loss_corrupt->clean": 0.7330729166666666,
        "epoch": 15
    },
    {
        "metric_clean->corrupt": 0.04928385416666667,
        "metric_corrupt->clean": 0.61015625,
        "loss_clean->corrupt": 0.29205729166666666,
        "loss_corrupt->clean": 0.7299479166666667,
        "epoch": 16
    },
    {
        "metric_clean->corrupt": 0.04903971354166667,
        "metric_corrupt->clean": 0.62734375,
        "loss_clean->corrupt": 0.287890625,
        "loss_corrupt->clean": 0.7578125,
        "epoch": 17
    },
    {
        "metric_clean->corrupt": 0.04480794270833333,
        "metric_corrupt->clean": 0.60703125,
        "loss_clean->corrupt": 0.28515625,
        "loss_corrupt->clean": 0.7372395833333333,
        "epoch": 18
    },
    {
        "metric_clean->corrupt": 0.05514322916666667,
        "metric_corrupt->clean": 0.621875,
        "loss_clean->corrupt": 0.2755208333333333,
        "loss_corrupt->clean": 0.7369791666666666,
        "epoch": 19
    },
    {
        "metric_clean->corrupt": 0.04767252604166667,
        "metric_corrupt->clean": 0.62890625,
        "loss_clean->corrupt": 0.26979166666666665,
        "loss_corrupt->clean": 0.7278645833333334,
        "epoch": 20
    },
    {
        "metric_clean->corrupt": 0.05472005208333333,
        "metric_corrupt->clean": 0.6130208333333333,
        "loss_clean->corrupt": 0.26705729166666664,
        "loss_corrupt->clean": 0.7276041666666667,
        "epoch": 21
    },
    {
        "metric_clean->corrupt": 0.05703125,
        "metric_corrupt->clean": 0.6322916666666667,
        "loss_clean->corrupt": 0.25833333333333336,
        "loss_corrupt->clean": 0.7255208333333333,
        "epoch": 22
    },
    {
        "metric_clean->corrupt": 0.054361979166666664,
        "metric_corrupt->clean": 0.5973958333333333,
        "loss_clean->corrupt": 0.24694010416666667,
        "loss_corrupt->clean": 0.7598958333333333,
        "epoch": 23
    },
    {
        "metric_clean->corrupt": 0.06326497395833333,
        "metric_corrupt->clean": 0.6393229166666666,
        "loss_clean->corrupt": 0.25677083333333334,
        "loss_corrupt->clean": 0.72734375,
        "epoch": 24
    },
    {
        "metric_clean->corrupt": 0.056803385416666664,
        "metric_corrupt->clean": 0.5872395833333334,
        "loss_clean->corrupt": 0.252734375,
        "loss_corrupt->clean": 0.76171875,
        "epoch": 25
    },
    {
        "metric_clean->corrupt": 0.06580403645833334,
        "metric_corrupt->clean": 0.65390625,
        "loss_clean->corrupt": 0.27109375,
        "loss_corrupt->clean": 0.7346354166666667,
        "epoch": 26
    },
    {
        "metric_clean->corrupt": 0.06861979166666667,
        "metric_corrupt->clean": 0.5901041666666667,
        "loss_clean->corrupt": 0.25052083333333336,
        "loss_corrupt->clean": 0.7424479166666667,
        "epoch": 27
    },
    {
        "metric_clean->corrupt": 0.06746419270833333,
        "metric_corrupt->clean": 0.6471354166666666,
        "loss_clean->corrupt": 0.26328125,
        "loss_corrupt->clean": 0.7346354166666667,
        "epoch": 28
    },
    {
        "metric_clean->corrupt": 0.04830729166666667,
        "metric_corrupt->clean": 0.6049479166666667,
        "loss_clean->corrupt": 0.2550130208333333,
        "loss_corrupt->clean": 0.7359375,
        "epoch": 29
    },
    {
        "metric_clean->corrupt": 0.07303059895833333,
        "metric_corrupt->clean": 0.634375,
        "loss_clean->corrupt": 0.25592447916666666,
        "loss_corrupt->clean": 0.7197916666666667,
        "epoch": 30
    },
    {
        "metric_clean->corrupt": 0.06474609375,
        "metric_corrupt->clean": 0.63125,
        "loss_clean->corrupt": 0.2390625,
        "loss_corrupt->clean": 0.7177083333333333,
        "epoch": 31
    },
    {
        "metric_clean->corrupt": 0.07268880208333334,
        "metric_corrupt->clean": 0.6263020833333334,
        "loss_clean->corrupt": 0.233203125,
        "loss_corrupt->clean": 0.7255208333333333,
        "epoch": 32
    },
    {
        "metric_clean->corrupt": 0.073876953125,
        "metric_corrupt->clean": 0.6307291666666667,
        "loss_clean->corrupt": 0.23190104166666667,
        "loss_corrupt->clean": 0.71328125,
        "epoch": 33
    },
    {
        "metric_clean->corrupt": 0.07473958333333333,
        "metric_corrupt->clean": 0.6002604166666666,
        "loss_clean->corrupt": 0.2234375,
        "loss_corrupt->clean": 0.7403645833333333,
        "epoch": 34
    },
    {
        "metric_clean->corrupt": 0.07649739583333333,
        "metric_corrupt->clean": 0.6716145833333333,
        "loss_clean->corrupt": 0.23385416666666667,
        "loss_corrupt->clean": 0.73828125,
        "epoch": 35
    },
    {
        "metric_clean->corrupt": 0.07828776041666667,
        "metric_corrupt->clean": 0.5817708333333333,
        "loss_clean->corrupt": 0.22395833333333334,
        "loss_corrupt->clean": 0.7486979166666666,
        "epoch": 36
    },
    {
        "metric_clean->corrupt": 0.07272135416666667,
        "metric_corrupt->clean": 0.6375,
        "loss_clean->corrupt": 0.230859375,
        "loss_corrupt->clean": 0.71953125,
        "epoch": 37
    },
    {
        "metric_clean->corrupt": 0.07763671875,
        "metric_corrupt->clean": 0.6234375,
        "loss_clean->corrupt": 0.22858072916666666,
        "loss_corrupt->clean": 0.7231770833333333,
        "epoch": 38
    },
    {
        "metric_clean->corrupt": 0.083056640625,
        "metric_corrupt->clean": 0.6291666666666667,
        "loss_clean->corrupt": 0.24388020833333332,
        "loss_corrupt->clean": 0.72109375,
        "epoch": 39
    },
    {
        "metric_clean->corrupt": 0.06015625,
        "metric_corrupt->clean": 0.6119791666666666,
        "loss_clean->corrupt": 0.2586588541666667,
        "loss_corrupt->clean": 0.7411458333333333,
        "epoch": 40
    },
    {
        "metric_clean->corrupt": 0.06402994791666666,
        "metric_corrupt->clean": 0.60390625,
        "loss_clean->corrupt": 0.23919270833333334,
        "loss_corrupt->clean": 0.7419270833333333,
        "epoch": 41
    },
    {
        "metric_clean->corrupt": 0.07073567708333334,
        "metric_corrupt->clean": 0.6143229166666667,
        "loss_clean->corrupt": 0.2291015625,
        "loss_corrupt->clean": 0.7432291666666667,
        "epoch": 42
    },
    {
        "metric_clean->corrupt": 0.061328125,
        "metric_corrupt->clean": 0.6380208333333334,
        "loss_clean->corrupt": 0.22688802083333334,
        "loss_corrupt->clean": 0.7317708333333334,
        "epoch": 43
    },
    {
        "metric_clean->corrupt": 0.09388020833333334,
        "metric_corrupt->clean": 0.6028645833333334,
        "loss_clean->corrupt": 0.22135416666666666,
        "loss_corrupt->clean": 0.7416666666666667,
        "epoch": 44
    },
    {
        "metric_clean->corrupt": 0.06902669270833334,
        "metric_corrupt->clean": 0.6130208333333333,
        "loss_clean->corrupt": 0.216796875,
        "loss_corrupt->clean": 0.72734375,
        "epoch": 45
    },
    {
        "metric_clean->corrupt": 0.07027994791666667,
        "metric_corrupt->clean": 0.5994791666666667,
        "loss_clean->corrupt": 0.212890625,
        "loss_corrupt->clean": 0.7440104166666667,
        "epoch": 46
    },
    {
        "metric_clean->corrupt": 0.08466796875,
        "metric_corrupt->clean": 0.65,
        "loss_clean->corrupt": 0.2208984375,
        "loss_corrupt->clean": 0.7333333333333333,
        "epoch": 47
    },
    {
        "metric_clean->corrupt": 0.07101236979166667,
        "metric_corrupt->clean": 0.5705729166666667,
        "loss_clean->corrupt": 0.20735677083333334,
        "loss_corrupt->clean": 0.7544270833333333,
        "epoch": 48
    },
    {
        "metric_clean->corrupt": 0.08548177083333333,
        "metric_corrupt->clean": 0.6359375,
        "loss_clean->corrupt": 0.21256510416666666,
        "loss_corrupt->clean": 0.7270833333333333,
        "epoch": 49
    },
    {
        "metric_clean->corrupt": 0.0814453125,
        "metric_corrupt->clean": 0.6059895833333333,
        "loss_clean->corrupt": 0.20735677083333334,
        "loss_corrupt->clean": 0.7333333333333333,
        "epoch": 50
    },
    {
        "metric_clean->corrupt": 0.08216145833333334,
        "metric_corrupt->clean": 0.6213541666666667,
        "loss_clean->corrupt": 0.20481770833333332,
        "loss_corrupt->clean": 0.72578125,
        "epoch": 51
    },
    {
        "metric_clean->corrupt": 0.07918294270833333,
        "metric_corrupt->clean": 0.61015625,
        "loss_clean->corrupt": 0.2083984375,
        "loss_corrupt->clean": 0.7330729166666666,
        "epoch": 52
    },
    {
        "metric_clean->corrupt": 0.07408854166666666,
        "metric_corrupt->clean": 0.6166666666666667,
        "loss_clean->corrupt": 0.20325520833333333,
        "loss_corrupt->clean": 0.7315104166666667,
        "epoch": 53
    },
    {
        "metric_clean->corrupt": 0.08977864583333334,
        "metric_corrupt->clean": 0.6247395833333333,
        "loss_clean->corrupt": 0.21145833333333333,
        "loss_corrupt->clean": 0.7270833333333333,
        "epoch": 54
    },
    {
        "metric_clean->corrupt": 0.07021484375,
        "metric_corrupt->clean": 0.61171875,
        "loss_clean->corrupt": 0.20540364583333334,
        "loss_corrupt->clean": 0.73828125,
        "epoch": 55
    },
    {
        "metric_clean->corrupt": 0.0869140625,
        "metric_corrupt->clean": 0.6283854166666667,
        "loss_clean->corrupt": 0.21595052083333333,
        "loss_corrupt->clean": 0.7252604166666666,
        "epoch": 56
    },
    {
        "metric_clean->corrupt": 0.06507161458333334,
        "metric_corrupt->clean": 0.6138020833333333,
        "loss_clean->corrupt": 0.2099609375,
        "loss_corrupt->clean": 0.7359375,
        "epoch": 57
    },
    {
        "metric_clean->corrupt": 0.08056640625,
        "metric_corrupt->clean": 0.6338541666666667,
        "loss_clean->corrupt": 0.21497395833333333,
        "loss_corrupt->clean": 0.715625,
        "epoch": 58
    },
    {
        "metric_clean->corrupt": 0.07835286458333333,
        "metric_corrupt->clean": 0.6161458333333333,
        "loss_clean->corrupt": 0.21100260416666666,
        "loss_corrupt->clean": 0.7317708333333334,
        "epoch": 59
    },
    {
        "metric_clean->corrupt": 0.07646484375,
        "metric_corrupt->clean": 0.6401041666666667,
        "loss_clean->corrupt": 0.21341145833333333,
        "loss_corrupt->clean": 0.7158854166666667,
        "epoch": 60
    },
    {
        "metric_clean->corrupt": 0.09189453125,
        "metric_corrupt->clean": 0.6125,
        "loss_clean->corrupt": 0.21705729166666668,
        "loss_corrupt->clean": 0.7315104166666667,
        "epoch": 61
    },
    {
        "metric_clean->corrupt": 0.06341145833333334,
        "metric_corrupt->clean": 0.6296875,
        "loss_clean->corrupt": 0.21373697916666667,
        "loss_corrupt->clean": 0.7216145833333333,
        "epoch": 62
    },
    {
        "metric_clean->corrupt": 0.09931640625,
        "metric_corrupt->clean": 0.6208333333333333,
        "loss_clean->corrupt": 0.22122395833333333,
        "loss_corrupt->clean": 0.721875,
        "epoch": 63
    },
    {
        "metric_clean->corrupt": 0.060384114583333336,
        "metric_corrupt->clean": 0.6216145833333333,
        "loss_clean->corrupt": 0.21458333333333332,
        "loss_corrupt->clean": 0.7255208333333333,
        "epoch": 64
    },
    {
        "metric_clean->corrupt": 0.07864583333333333,
        "metric_corrupt->clean": 0.6385416666666667,
        "loss_clean->corrupt": 0.213671875,
        "loss_corrupt->clean": 0.7234375,
        "epoch": 65
    },
    {
        "metric_clean->corrupt": 0.08092447916666666,
        "metric_corrupt->clean": 0.609375,
        "loss_clean->corrupt": 0.20852864583333333,
        "loss_corrupt->clean": 0.73125,
        "epoch": 66
    },
    {
        "metric_clean->corrupt": 0.07633463541666667,
        "metric_corrupt->clean": 0.63359375,
        "loss_clean->corrupt": 0.20885416666666667,
        "loss_corrupt->clean": 0.7231770833333333,
        "epoch": 67
    },
    {
        "metric_clean->corrupt": 0.08499348958333333,
        "metric_corrupt->clean": 0.6111979166666667,
        "loss_clean->corrupt": 0.20911458333333333,
        "loss_corrupt->clean": 0.7236979166666667,
        "epoch": 68
    },
    {
        "metric_clean->corrupt": 0.08352864583333333,
        "metric_corrupt->clean": 0.64296875,
        "loss_clean->corrupt": 0.21139322916666667,
        "loss_corrupt->clean": 0.71953125,
        "epoch": 69
    },
    {
        "metric_clean->corrupt": 0.07412109375,
        "metric_corrupt->clean": 0.6072916666666667,
        "loss_clean->corrupt": 0.20787760416666667,
        "loss_corrupt->clean": 0.7296875,
        "epoch": 70
    },
    {
        "metric_clean->corrupt": 0.08194986979166667,
        "metric_corrupt->clean": 0.6276041666666666,
        "loss_clean->corrupt": 0.21608072916666668,
        "loss_corrupt->clean": 0.7213541666666666,
        "epoch": 71
    },
    {
        "metric_clean->corrupt": 0.06956380208333333,
        "metric_corrupt->clean": 0.6291666666666667,
        "loss_clean->corrupt": 0.21100260416666666,
        "loss_corrupt->clean": 0.7197916666666667,
        "epoch": 72
    },
    {
        "metric_clean->corrupt": 0.07750651041666666,
        "metric_corrupt->clean": 0.6234375,
        "loss_clean->corrupt": 0.205859375,
        "loss_corrupt->clean": 0.7177083333333333,
        "epoch": 73
    },
    {
        "metric_clean->corrupt": 0.0861328125,
        "metric_corrupt->clean": 0.6278645833333333,
        "loss_clean->corrupt": 0.2119140625,
        "loss_corrupt->clean": 0.72109375,
        "epoch": 74
    },
    {
        "metric_clean->corrupt": 0.06546223958333333,
        "metric_corrupt->clean": 0.6247395833333333,
        "loss_clean->corrupt": 0.20390625,
        "loss_corrupt->clean": 0.7221354166666667,
        "epoch": 75
    },
    {
        "metric_clean->corrupt": 0.09173177083333334,
        "metric_corrupt->clean": 0.6416666666666667,
        "loss_clean->corrupt": 0.21087239583333334,
        "loss_corrupt->clean": 0.7138020833333333,
        "epoch": 76
    },
    {
        "metric_clean->corrupt": 0.07008463541666667,
        "metric_corrupt->clean": 0.6130208333333333,
        "loss_clean->corrupt": 0.20240885416666668,
        "loss_corrupt->clean": 0.721875,
        "epoch": 77
    },
    {
        "metric_clean->corrupt": 0.08694661458333333,
        "metric_corrupt->clean": 0.6471354166666666,
        "loss_clean->corrupt": 0.20768229166666666,
        "loss_corrupt->clean": 0.7135416666666666,
        "epoch": 78
    },
    {
        "metric_clean->corrupt": 0.07825520833333334,
        "metric_corrupt->clean": 0.6174479166666667,
        "loss_clean->corrupt": 0.20305989583333334,
        "loss_corrupt->clean": 0.7197916666666667,
        "epoch": 79
    },
    {
        "metric_clean->corrupt": 0.08011067708333333,
        "metric_corrupt->clean": 0.6408854166666667,
        "loss_clean->corrupt": 0.20475260416666666,
        "loss_corrupt->clean": 0.715625,
        "epoch": 80
    },
    {
        "metric_clean->corrupt": 0.0822265625,
        "metric_corrupt->clean": 0.6135416666666667,
        "loss_clean->corrupt": 0.2025390625,
        "loss_corrupt->clean": 0.7216145833333333,
        "epoch": 81
    },
    {
        "metric_clean->corrupt": 0.08502604166666666,
        "metric_corrupt->clean": 0.6354166666666666,
        "loss_clean->corrupt": 0.2046875,
        "loss_corrupt->clean": 0.7135416666666666,
        "epoch": 82
    },
    {
        "metric_clean->corrupt": 0.07779947916666667,
        "metric_corrupt->clean": 0.6236979166666666,
        "loss_clean->corrupt": 0.201953125,
        "loss_corrupt->clean": 0.715625,
        "epoch": 83
    },
    {
        "metric_clean->corrupt": 0.08636067708333334,
        "metric_corrupt->clean": 0.6330729166666667,
        "loss_clean->corrupt": 0.20494791666666667,
        "loss_corrupt->clean": 0.7177083333333333,
        "epoch": 84
    },
    {
        "metric_clean->corrupt": 0.07613932291666667,
        "metric_corrupt->clean": 0.6197916666666666,
        "loss_clean->corrupt": 0.20091145833333332,
        "loss_corrupt->clean": 0.7216145833333333,
        "epoch": 85
    },
    {
        "metric_clean->corrupt": 0.08707682291666667,
        "metric_corrupt->clean": 0.6291666666666667,
        "loss_clean->corrupt": 0.20598958333333334,
        "loss_corrupt->clean": 0.7174479166666666,
        "epoch": 86
    },
    {
        "metric_clean->corrupt": 0.07405598958333333,
        "metric_corrupt->clean": 0.6276041666666666,
        "loss_clean->corrupt": 0.2029296875,
        "loss_corrupt->clean": 0.715625,
        "epoch": 87
    },
    {
        "metric_clean->corrupt": 0.08600260416666666,
        "metric_corrupt->clean": 0.6291666666666667,
        "loss_clean->corrupt": 0.2029296875,
        "loss_corrupt->clean": 0.7158854166666667,
        "epoch": 88
    },
    {
        "metric_clean->corrupt": 0.08274739583333333,
        "metric_corrupt->clean": 0.6276041666666666,
        "loss_clean->corrupt": 0.201953125,
        "loss_corrupt->clean": 0.715625,
        "epoch": 89
    },
    {
        "metric_clean->corrupt": 0.07952473958333334,
        "metric_corrupt->clean": 0.6291666666666667,
        "loss_clean->corrupt": 0.19889322916666666,
        "loss_corrupt->clean": 0.7177083333333333,
        "epoch": 90
    },
    {
        "metric_clean->corrupt": 0.08785807291666667,
        "metric_corrupt->clean": 0.63125,
        "loss_clean->corrupt": 0.20345052083333334,
        "loss_corrupt->clean": 0.715625,
        "epoch": 91
    },
    {
        "metric_clean->corrupt": 0.07604166666666666,
        "metric_corrupt->clean": 0.6291666666666667,
        "loss_clean->corrupt": 0.1994140625,
        "loss_corrupt->clean": 0.7158854166666667,
        "epoch": 92
    },
    {
        "metric_clean->corrupt": 0.08723958333333333,
        "metric_corrupt->clean": 0.6276041666666666,
        "loss_clean->corrupt": 0.20247395833333334,
        "loss_corrupt->clean": 0.715625,
        "epoch": 93
    },
    {
        "metric_clean->corrupt": 0.07828776041666667,
        "metric_corrupt->clean": 0.6255208333333333,
        "loss_clean->corrupt": 0.200390625,
        "loss_corrupt->clean": 0.715625,
        "epoch": 94
    },
    {
        "metric_clean->corrupt": 0.08678385416666666,
        "metric_corrupt->clean": 0.6276041666666666,
        "loss_clean->corrupt": 0.20091145833333332,
        "loss_corrupt->clean": 0.715625,
        "epoch": 95
    },
    {
        "metric_clean->corrupt": 0.08479817708333333,
        "metric_corrupt->clean": 0.6276041666666666,
        "loss_clean->corrupt": 0.20091145833333332,
        "loss_corrupt->clean": 0.715625,
        "epoch": 96
    },
    {
        "metric_clean->corrupt": 0.08427734375,
        "metric_corrupt->clean": 0.6234375,
        "loss_clean->corrupt": 0.1994140625,
        "loss_corrupt->clean": 0.7158854166666667,
        "epoch": 97
    },
    {
        "metric_clean->corrupt": 0.0859375,
        "metric_corrupt->clean": 0.63125,
        "loss_clean->corrupt": 0.2013671875,
        "loss_corrupt->clean": 0.7158854166666667,
        "epoch": 98
    },
    {
        "metric_clean->corrupt": 0.08193359375,
        "metric_corrupt->clean": 0.6236979166666666,
        "loss_clean->corrupt": 0.19947916666666668,
        "loss_corrupt->clean": 0.7177083333333333,
        "epoch": 99
    }
]